#
# There is insufficient memory for the Java Runtime Environment to continue.
# Native memory allocation (malloc) failed to allocate 777536 bytes for Chunk::new
# Possible reasons:
#   The system is out of physical RAM or swap space
#   In 32 bit mode, the process size limit was hit
# Possible solutions:
#   Reduce memory load on the system
#   Increase physical memory or swap space
#   Check if swap backing store is full
#   Use 64 bit Java on a 64 bit OS
#   Decrease Java heap size (-Xmx/-Xms)
#   Decrease number of Java threads
#   Decrease Java thread stack sizes (-Xss)
#   Set larger code cache with -XX:ReservedCodeCacheSize=
# This output file may be truncated or incomplete.
#
#  Out of Memory Error (allocation.cpp:390), pid=24036, tid=0x000000000000107c
#
# JRE version: Java(TM) SE Runtime Environment (8.0_191-b12) (build 1.8.0_191-b12)
# Java VM: Java HotSpot(TM) 64-Bit Server VM (25.191-b12 mixed mode windows-amd64 compressed oops)
# Failed to write core dump. Minidumps are not enabled by default on client versions of Windows
#

---------------  T H R E A D  ---------------

Current thread (0x000000001e8e8000):  JavaThread "C2 CompilerThread2" daemon [_thread_in_native, id=4220, stack(0x000000001f3a0000,0x000000001f4a0000)]

Stack: [0x000000001f3a0000,0x000000001f4a0000]
[error occurred during error reporting (printing stack bounds), id 0xc0000005]

Native frames: (J=compiled Java code, j=interpreted, Vv=VM code, C=native code)


Current CompileTask:
C2:   3839  921       4       java.awt.datatransfer.MimeTypeParameterList::parse (451 bytes)


---------------  P R O C E S S  ---------------

Java Threads: ( => current thread )
  0x000000001fadc800 JavaThread "TimerQueue" daemon [_thread_blocked, id=24344, stack(0x00000000225c0000,0x00000000226c0000)]
  0x000000001f9ed800 JavaThread "Abandoned connection cleanup thread" daemon [_thread_blocked, id=23032, stack(0x0000000020e30000,0x0000000020f30000)]
  0x000000000308e000 JavaThread "DestroyJavaVM" [_thread_blocked, id=8436, stack(0x0000000002d60000,0x0000000002e60000)]
  0x000000001f964000 JavaThread "AWT-EventQueue-0" [_thread_blocked, id=7184, stack(0x0000000020d30000,0x0000000020e30000)]
  0x000000001eb81000 JavaThread "AWT-Windows" daemon [_thread_in_native, id=17492, stack(0x00000000202d0000,0x00000000203d0000)]
  0x000000001eb80800 JavaThread "AWT-Shutdown" [_thread_blocked, id=27396, stack(0x00000000201d0000,0x00000000202d0000)]
  0x000000001f95b800 JavaThread "Java2D Disposer" daemon [_thread_blocked, id=2064, stack(0x00000000200d0000,0x00000000201d0000)]
  0x000000001e977000 JavaThread "Service Thread" daemon [_thread_blocked, id=32564, stack(0x000000001f5a0000,0x000000001f6a0000)]
  0x000000001e8f0800 JavaThread "C1 CompilerThread3" daemon [_thread_blocked, id=24356, stack(0x000000001f4a0000,0x000000001f5a0000)]
=>0x000000001e8e8000 JavaThread "C2 CompilerThread2" daemon [_thread_in_native, id=4220, stack(0x000000001f3a0000,0x000000001f4a0000)]
  0x000000001e8e6800 JavaThread "C2 CompilerThread1" daemon [_thread_blocked, id=11164, stack(0x000000001f2a0000,0x000000001f3a0000)]
  0x000000001e8e1000 JavaThread "C2 CompilerThread0" daemon [_thread_in_native, id=31228, stack(0x000000001f1a0000,0x000000001f2a0000)]
  0x000000001e8df800 JavaThread "Attach Listener" daemon [_thread_blocked, id=20936, stack(0x000000001f0a0000,0x000000001f1a0000)]
  0x000000001cace000 JavaThread "Signal Dispatcher" daemon [_thread_blocked, id=21592, stack(0x000000001efa0000,0x000000001f0a0000)]
  0x0000000002f89000 JavaThread "Finalizer" daemon [_thread_blocked, id=2704, stack(0x000000001edb0000,0x000000001eeb0000)]
  0x0000000002f86000 JavaThread "Reference Handler" daemon [_thread_blocked, id=17004, stack(0x000000001ecb0000,0x000000001edb0000)]

Other Threads:
  0x000000001cab9000 VMThread [stack: 0x000000001e7b0000,0x000000001e8b0000] [id=6700]
  0x000000001e98f800 WatcherThread [stack: 0x000000001f6a0000,0x000000001f7a0000] [id=12400]

VM state:not at safepoint (normal execution)

VM Mutex/Monitor currently owned by a thread: None

Heap:
 PSYoungGen      total 76288K, used 27879K [0x000000076b380000, 0x0000000770880000, 0x00000007c0000000)
  eden space 65536K, 42% used [0x000000076b380000,0x000000076ceb9e98,0x000000076f380000)
  from space 10752K, 0% used [0x000000076fe00000,0x000000076fe00000,0x0000000770880000)
  to   space 10752K, 0% used [0x000000076f380000,0x000000076f380000,0x000000076fe00000)
 ParOldGen       total 175104K, used 0K [0x00000006c1a00000, 0x00000006cc500000, 0x000000076b380000)
  object space 175104K, 0% used [0x00000006c1a00000,0x00000006c1a00000,0x00000006cc500000)
 Metaspace       used 15301K, capacity 15550K, committed 15872K, reserved 1062912K
  class space    used 1880K, capacity 1960K, committed 2048K, reserved 1048576K

Card table byte_map: [0x0000000012450000,0x0000000012c50000] byte_map_base: 0x000000000ee43000

Marking Bits: (ParMarkBitMap*) 0x0000000071143e30
 Begin Bits: [0x00000000139a0000, 0x0000000017938000)
 End Bits:   [0x0000000017938000, 0x000000001b8d0000)

Polling page: 0x0000000001420000

CodeCache: size=245760Kb used=3319Kb max_used=3330Kb free=242440Kb
 bounds [0x0000000003090000, 0x00000000033e0000, 0x0000000012090000]
 total_blobs=1538 nmethods=972 adapters=479
 compilation: enabled

Compilation events (10 events):
Event: 3.821 Thread 0x000000001e8f0800 nmethod 965% 0x00000000033bebd0 code [0x00000000033bedc0, 0x00000000033bf290]
Event: 3.821 Thread 0x000000001e8f0800  966       3       java.awt.MultipleGradientPaintContext::interpolate (202 bytes)
Event: 3.822 Thread 0x000000001e8f0800 nmethod 966 0x00000000033bf450 code [0x00000000033bf640, 0x00000000033bfa30]
Event: 3.822 Thread 0x000000001e8f0800  967       3       java.lang.Math::floor (5 bytes)
Event: 3.822 Thread 0x000000001e8f0800 nmethod 967 0x00000000033bfb90 code [0x00000000033bfd20, 0x00000000033bfee8]
Event: 3.822 Thread 0x000000001e8f0800  968       3       java.lang.StrictMath::floor (12 bytes)
Event: 3.822 Thread 0x000000001e8f0800 nmethod 968 0x00000000033bffd0 code [0x00000000033c0160, 0x00000000033c02e8]
Event: 3.823 Thread 0x000000001e8f0800  969       3       javax.swing.plaf.nimbus.NimbusStyle$CacheKey::hashCode (27 bytes)
Event: 3.823 Thread 0x000000001e8f0800 nmethod 969 0x00000000033c0390 code [0x00000000033c0500, 0x00000000033c0728]
Event: 3.823 Thread 0x000000001e8f0800  970       3       javax.swing.plaf.synth.Region::getUItoRegionMap (578 bytes)

GC Heap History (0 events):
No events

Deoptimization events (10 events):
Event: 1.367 Thread 0x000000001f964000 Uncommon trap: reason=unstable_if action=reinterpret pc=0x00000000032fdabc method=java.awt.MultipleGradientPaintContext.indexIntoGradientsArrays(F)I @ 13
Event: 1.867 Thread 0x000000001f964000 Uncommon trap: reason=bimorphic action=maybe_recompile pc=0x000000000329cb98 method=java.util.HashMap.putVal(ILjava/lang/Object;Ljava/lang/Object;ZZ)Ljava/lang/Object; @ 152
Event: 3.678 Thread 0x000000001f964000 Uncommon trap: reason=unstable_if action=reinterpret pc=0x0000000003349630 method=java.awt.Component.inside(II)Z @ 21
Event: 3.749 Thread 0x000000001f964000 Uncommon trap: reason=class_check action=maybe_recompile pc=0x0000000003323eec method=java.util.HashMap.putVal(ILjava/lang/Object;Ljava/lang/Object;ZZ)Ljava/lang/Object; @ 253
Event: 3.751 Thread 0x000000001f964000 Uncommon trap: reason=class_check action=maybe_recompile pc=0x0000000003323eec method=java.util.HashMap.putVal(ILjava/lang/Object;Ljava/lang/Object;ZZ)Ljava/lang/Object; @ 253
Event: 3.754 Thread 0x000000001f964000 Uncommon trap: reason=class_check action=maybe_recompile pc=0x0000000003323eec method=java.util.HashMap.putVal(ILjava/lang/Object;Ljava/lang/Object;ZZ)Ljava/lang/Object; @ 253
Event: 3.756 Thread 0x000000001f964000 Uncommon trap: reason=class_check action=maybe_recompile pc=0x0000000003323eec method=java.util.HashMap.putVal(ILjava/lang/Object;Ljava/lang/Object;ZZ)Ljava/lang/Object; @ 253
Event: 3.807 Thread 0x000000001f964000 Uncommon trap: reason=unstable_if action=reinterpret pc=0x000000000338b6bc method=java.lang.CharacterDataLatin1.isWhitespace(I)Z @ 14
Event: 3.817 Thread 0x000000001f964000 Uncommon trap: reason=class_check action=maybe_recompile pc=0x0000000003204ef4 method=java.lang.String.equals(Ljava/lang/Object;)Z @ 8
Event: 3.817 Thread 0x000000001f964000 Uncommon trap: reason=class_check action=maybe_recompile pc=0x0000000003204ef4 method=java.lang.String.equals(Ljava/lang/Object;)Z @ 8

Classes redefined (0 events):
No events

Internal exceptions (10 events):
Event: 0.801 Thread 0x000000000308e000 Exception <a 'java/lang/ClassNotFoundException': ToolBar> (0x000000076b8d6f80) thrown at [C:\re\workspace\8-2-build-windows-amd64-cygwin\jdk8u191\11896\hotspot\src\share\vm\classfile\systemDictionary.cpp, line 210]
Event: 0.801 Thread 0x000000000308e000 Exception <a 'java/lang/ClassNotFoundException': ToggleButton> (0x000000076b8d7530) thrown at [C:\re\workspace\8-2-build-windows-amd64-cygwin\jdk8u191\11896\hotspot\src\share\vm\classfile\systemDictionary.cpp, line 210]
Event: 0.801 Thread 0x000000000308e000 Exception <a 'java/lang/ClassNotFoundException': javax/swing/JToolBarSeparator> (0x000000076b8d7990) thrown at [C:\re\workspace\8-2-build-windows-amd64-cygwin\jdk8u191\11896\hotspot\src\share\vm\classfile\systemDictionary.cpp, line 210]
Event: 0.801 Thread 0x000000000308e000 Exception <a 'java/lang/ClassNotFoundException': ToolBarSeparator> (0x000000076b8d7e28) thrown at [C:\re\workspace\8-2-build-windows-amd64-cygwin\jdk8u191\11896\hotspot\src\share\vm\classfile\systemDictionary.cpp, line 210]
Event: 0.802 Thread 0x000000000308e000 Exception <a 'java/lang/ClassNotFoundException': ToolTip> (0x000000076b8d8568) thrown at [C:\re\workspace\8-2-build-windows-amd64-cygwin\jdk8u191\11896\hotspot\src\share\vm\classfile\systemDictionary.cpp, line 210]
Event: 0.803 Thread 0x000000000308e000 Exception <a 'java/lang/ClassNotFoundException': Tree> (0x000000076b8d9188) thrown at [C:\re\workspace\8-2-build-windows-amd64-cygwin\jdk8u191\11896\hotspot\src\share\vm\classfile\systemDictionary.cpp, line 210]
Event: 0.803 Thread 0x000000000308e000 Exception <a 'java/lang/ClassNotFoundException': Tree> (0x000000076b8d98c8) thrown at [C:\re\workspace\8-2-build-windows-amd64-cygwin\jdk8u191\11896\hotspot\src\share\vm\classfile\systemDictionary.cpp, line 210]
Event: 0.803 Thread 0x000000000308e000 Exception <a 'java/lang/ClassNotFoundException': javax/swing/JTreeCell> (0x000000076b8d9c48) thrown at [C:\re\workspace\8-2-build-windows-amd64-cygwin\jdk8u191\11896\hotspot\src\share\vm\classfile\systemDictionary.cpp, line 210]
Event: 0.803 Thread 0x000000000308e000 Exception <a 'java/lang/ClassNotFoundException': TreeCell> (0x000000076b8da0d0) thrown at [C:\re\workspace\8-2-build-windows-amd64-cygwin\jdk8u191\11896\hotspot\src\share\vm\classfile\systemDictionary.cpp, line 210]
Event: 0.803 Thread 0x000000000308e000 Exception <a 'java/lang/ClassNotFoundException': RootPane> (0x000000076b8dab30) thrown at [C:\re\workspace\8-2-build-windows-amd64-cygwin\jdk8u191\11896\hotspot\src\share\vm\classfile\systemDictionary.cpp, line 210]

Events (10 events):
Event: 3.817 loading class javax/swing/event/UndoableEditListener
Event: 3.817 loading class javax/swing/event/UndoableEditListener done
Event: 3.817 Thread 0x000000001f964000 Uncommon trap: trap_request=0xffffffde fr.pc=0x0000000003204ef4
Event: 3.817 Thread 0x000000001f964000 DEOPT PACKING pc=0x0000000003204ef4 sp=0x0000000020e2cef0
Event: 3.817 Thread 0x000000001f964000 DEOPT UNPACKING pc=0x00000000030d583b sp=0x0000000020e2ce80 mode 2
Event: 3.817 Thread 0x000000001f964000 Uncommon trap: trap_request=0xffffffde fr.pc=0x0000000003204ef4
Event: 3.817 Thread 0x000000001f964000 DEOPT PACKING pc=0x0000000003204ef4 sp=0x0000000020e2cef0
Event: 3.817 Thread 0x000000001f964000 DEOPT UNPACKING pc=0x00000000030d583b sp=0x0000000020e2ce80 mode 2
Event: 3.819 loading class javax/swing/RepaintManager$3
Event: 3.819 loading class javax/swing/RepaintManager$3 done


Dynamic libraries:
0x00007ff7ff9d0000 - 0x00007ff7ffa07000 	C:\Program Files\Java\jdk1.8.0_191\bin\java.exe
0x00007ffccc680000 - 0x00007ffccc861000 	C:\WINDOWS\SYSTEM32\ntdll.dll
0x00007ffcca280000 - 0x00007ffcca331000 	C:\WINDOWS\System32\KERNEL32.DLL
0x00007ffcc95c0000 - 0x00007ffcc9833000 	C:\WINDOWS\System32\KERNELBASE.dll
0x00007ffcc9fc0000 - 0x00007ffcca061000 	C:\WINDOWS\System32\ADVAPI32.dll
0x00007ffccc040000 - 0x00007ffccc0de000 	C:\WINDOWS\System32\msvcrt.dll
0x00007ffcc9f60000 - 0x00007ffcc9fbb000 	C:\WINDOWS\System32\sechost.dll
0x00007ffccbbe0000 - 0x00007ffccbd04000 	C:\WINDOWS\System32\RPCRT4.dll
0x00007ffccc450000 - 0x00007ffccc5e0000 	C:\WINDOWS\System32\USER32.dll
0x00007ffcc8ca0000 - 0x00007ffcc8cc0000 	C:\WINDOWS\System32\win32u.dll
0x00007ffcca070000 - 0x00007ffcca098000 	C:\WINDOWS\System32\GDI32.dll
0x00007ffcc9840000 - 0x00007ffcc99d2000 	C:\WINDOWS\System32\gdi32full.dll
0x00007ffcc8a50000 - 0x00007ffcc8aef000 	C:\WINDOWS\System32\msvcp_win.dll
0x00007ffcc8af0000 - 0x00007ffcc8be8000 	C:\WINDOWS\System32\ucrtbase.dll
0x00007ffcbf210000 - 0x00007ffcbf479000 	C:\WINDOWS\WinSxS\amd64_microsoft.windows.common-controls_6595b64144ccf1df_6.0.17134.706_none_fb43a2cb30647007\COMCTL32.dll
0x00007ffccbd10000 - 0x00007ffccc032000 	C:\WINDOWS\System32\combase.dll
0x00007ffcc99e0000 - 0x00007ffcc9a5a000 	C:\WINDOWS\System32\bcryptPrimitives.dll
0x00007ffcca100000 - 0x00007ffcca12d000 	C:\WINDOWS\System32\IMM32.DLL
0x0000000070840000 - 0x0000000070912000 	C:\Program Files\Java\jdk1.8.0_191\jre\bin\msvcr100.dll
0x0000000070920000 - 0x00000000711c4000 	C:\Program Files\Java\jdk1.8.0_191\jre\bin\server\jvm.dll
0x00007ffccc3a0000 - 0x00007ffccc3a8000 	C:\WINDOWS\System32\PSAPI.DLL
0x00007ffcaf7c0000 - 0x00007ffcaf7c9000 	C:\WINDOWS\SYSTEM32\WSOCK32.dll
0x00007ffcc4560000 - 0x00007ffcc456a000 	C:\WINDOWS\SYSTEM32\VERSION.dll
0x00007ffccc5e0000 - 0x00007ffccc64c000 	C:\WINDOWS\System32\WS2_32.dll
0x00007ffcc4860000 - 0x00007ffcc4883000 	C:\WINDOWS\SYSTEM32\WINMM.dll
0x00007ffcc4830000 - 0x00007ffcc485a000 	C:\WINDOWS\SYSTEM32\winmmbase.dll
0x00007ffcc8c50000 - 0x00007ffcc8c99000 	C:\WINDOWS\System32\cfgmgr32.dll
0x00000000707f0000 - 0x00000000707ff000 	C:\Program Files\Java\jdk1.8.0_191\jre\bin\verify.dll
0x00000000707c0000 - 0x00000000707e9000 	C:\Program Files\Java\jdk1.8.0_191\jre\bin\java.dll
0x00000000707a0000 - 0x00000000707b6000 	C:\Program Files\Java\jdk1.8.0_191\jre\bin\zip.dll
0x00007ffcca340000 - 0x00007ffccb780000 	C:\WINDOWS\System32\SHELL32.dll
0x00007ffccc0e0000 - 0x00007ffccc189000 	C:\WINDOWS\System32\shcore.dll
0x00007ffcc8cc0000 - 0x00007ffcc93cd000 	C:\WINDOWS\System32\windows.storage.dll
0x00007ffccc340000 - 0x00007ffccc391000 	C:\WINDOWS\System32\shlwapi.dll
0x00007ffcc89b0000 - 0x00007ffcc89c1000 	C:\WINDOWS\System32\kernel.appcore.dll
0x00007ffcc8a20000 - 0x00007ffcc8a3f000 	C:\WINDOWS\System32\profapi.dll
0x00007ffcc89d0000 - 0x00007ffcc8a1c000 	C:\WINDOWS\System32\powrprof.dll
0x00007ffcc8a40000 - 0x00007ffcc8a4a000 	C:\WINDOWS\System32\FLTLIB.DLL
0x00000000705c0000 - 0x0000000070759000 	C:\Program Files\Java\jdk1.8.0_191\jre\bin\awt.dll
0x00007ffccb900000 - 0x00007ffccb9c2000 	C:\WINDOWS\System32\OLEAUT32.dll
0x00007ffcc5c60000 - 0x00007ffcc5ceb000 	C:\WINDOWS\SYSTEM32\apphelp.dll
0x00007ffcc61f0000 - 0x00007ffcc6288000 	C:\WINDOWS\system32\uxtheme.dll
0x00007ffccba60000 - 0x00007ffccbbd3000 	C:\WINDOWS\System32\MSCTF.dll
0x00007ffcc68b0000 - 0x00007ffcc68d9000 	C:\WINDOWS\system32\dwmapi.dll
0x00007ffccb7a0000 - 0x00007ffccb8f1000 	C:\WINDOWS\System32\ole32.dll
0x0000000070570000 - 0x00000000705b7000 	C:\Program Files\Java\jdk1.8.0_191\jre\bin\fontmanager.dll
0x00007ffca4bf0000 - 0x00007ffca4d10000 	C:\WINDOWS\system32\opengl32.dll
0x00007ffca4b20000 - 0x00007ffca4b4c000 	C:\WINDOWS\SYSTEM32\GLU32.dll
0x0000000070780000 - 0x000000007079a000 	C:\Program Files\Java\jdk1.8.0_191\jre\bin\net.dll
0x00007ffcc8210000 - 0x00007ffcc8276000 	C:\WINDOWS\system32\mswsock.dll
0x00007ffcc7fd0000 - 0x00007ffcc808e000 	C:\WINDOWS\SYSTEM32\DNSAPI.dll
0x00007ffccc190000 - 0x00007ffccc198000 	C:\WINDOWS\System32\NSI.dll
0x00007ffcc7f90000 - 0x00007ffcc7fc8000 	C:\WINDOWS\SYSTEM32\IPHLPAPI.DLL
0x00007ffcc0d10000 - 0x00007ffcc0d1a000 	C:\Windows\System32\rasadhlp.dll
0x00007ffcc0c30000 - 0x00007ffcc0ca2000 	C:\WINDOWS\System32\fwpuclnt.dll
0x00007ffcc84f0000 - 0x00007ffcc8515000 	C:\WINDOWS\SYSTEM32\bcrypt.dll
0x00007ffccc3b0000 - 0x00007ffccc450000 	C:\WINDOWS\System32\clbcatq.dll
0x00007ffcc01f0000 - 0x00007ffcc039e000 	C:\WINDOWS\SYSTEM32\WindowsCodecs.dll
0x00007ffca1fb0000 - 0x00007ffca2008000 	C:\WINDOWS\system32\dataexchange.dll
0x00007ffcc55a0000 - 0x00007ffcc573c000 	C:\WINDOWS\system32\dcomp.dll
0x00007ffcc4cc0000 - 0x00007ffcc4fcb000 	C:\WINDOWS\system32\d3d11.dll
0x00007ffcc7700000 - 0x00007ffcc77bb000 	C:\WINDOWS\system32\dxgi.dll
0x00007ffcc6bc0000 - 0x00007ffcc6d78000 	C:\WINDOWS\system32\twinapi.appcore.dll
0x00007ffcc6b90000 - 0x00007ffcc6bb9000 	C:\WINDOWS\system32\RMCLIENT.dll
0x0000000070760000 - 0x0000000070771000 	C:\Program Files\Java\jdk1.8.0_191\jre\bin\nio.dll
0x0000000070520000 - 0x0000000070562000 	C:\Program Files\Java\jdk1.8.0_191\jre\bin\t2k.dll
0x00007ffcbce90000 - 0x00007ffcbcf26000 	C:\WINDOWS\System32\TextInputFramework.dll
0x00007ffcbfc80000 - 0x00007ffcbff9e000 	C:\WINDOWS\System32\CoreUIComponents.dll
0x00007ffcc45f0000 - 0x00007ffcc46ca000 	C:\WINDOWS\System32\CoreMessaging.dll
0x00007ffcc7ab0000 - 0x00007ffcc7ae1000 	C:\WINDOWS\SYSTEM32\ntmarta.dll
0x00007ffcc32f0000 - 0x00007ffcc343d000 	C:\WINDOWS\SYSTEM32\wintypes.dll
0x00000000704e0000 - 0x000000007050a000 	C:\Program Files\Java\jdk1.8.0_191\jre\bin\dcpr.dll

VM Arguments:
jvm_args: -Dfile.encoding=UTF-8 
java_command: Giris
java_class_path (initial): C:\Users\HP\Desktop\mysql-connector-java-5.1.47\mysql-connector-java-5.1.47-bin.jar;C:\Users\HP\Documents\NetBeansProjects\proje\build\classes
Launcher Type: SUN_STANDARD

Environment Variables:
PATH=C:\Program Files (x86)\Common Files\Oracle\Java\javapath;C:\Program Files (x86)\Intel\iCLS Client\;C:\Program Files\Intel\iCLS Client\;C:\windows\system32;C:\windows;C:\windows\System32\Wbem;C:\windows\System32\WindowsPowerShell\v1.0\;C:\Program Files (x86)\Intel\Intel(R) Management Engine Components\DAL;C:\Program Files\Intel\Intel(R) Management Engine Components\DAL;C:\Program Files (x86)\Intel\Intel(R) Management Engine Components\IPT;C:\Program Files\Intel\Intel(R) Management Engine Components\IPT;C:\Program Files (x86)\NVIDIA Corporation\PhysX\Common;C:\WINDOWS\system32;C:\WINDOWS;C:\WINDOWS\System32\Wbem;C:\WINDOWS\System32\WindowsPowerShell\v1.0\;C:\Program Files (x86)\Skype\Phone\;C:\WINDOWS\System32\OpenSSH\;C:\Program Files\Microsoft SQL Server\Client SDK\ODBC\130\Tools\Binn\;C:\Program Files (x86)\Microsoft SQL Server\140\Tools\Binn\;C:\Program Files\Microsoft SQL Server\140\Tools\Binn\;C:\Program Files\Microsoft SQL Server\140\DTS\Binn\;C:\Program Files (x86)\Microsoft SQL Server\Client SDK\ODBC\130\Tools\Binn\;C:\Program Files (x86)\Microsoft SQL Server\140\DTS\Binn\;C:\Program Files (x86)\Microsoft SQL Server\140\Tools\Binn\ManagementStudio\;C:\Program Files\Intel\WiFi\bin\;C:\Program Files\Common Files\Intel\WirelessCommon\;C:\Users\HP\AppData\Local\Microsoft\WindowsApps;
USERNAME=HP
OS=Windows_NT
PROCESSOR_IDENTIFIER=Intel64 Family 6 Model 94 Stepping 3, GenuineIntel



---------------  S Y S T E M  ---------------

OS: Windows 10.0 , 64 bit Build 17134 (10.0.17134.706)

CPU:total 8 (initial active 8) (4 cores per cpu, 2 threads per core) family 6 model 94 stepping 3, cmov, cx8, fxsr, mmx, sse, sse2, sse3, ssse3, sse4.1, sse4.2, popcnt, avx, avx2, aes, clmul, erms, rtm, 3dnowpref, lzcnt, ht, tsc, tscinvbit, bmi1, bmi2, adx

Memory: 4k page, physical 16664352k(6226444k free), swap 66996000k(5276k free)

vm_info: Java HotSpot(TM) 64-Bit Server VM (25.191-b12) for windows-amd64 JRE (1.8.0_191-b12), built on Oct  6 2018 09:29:03 by "java_re" with MS VC++ 10.0 (VS2010)

time: Mon May 20 19:44:20 2019
elapsed time: 3 seconds (0d 0h 0m 3s)

